<?xml version="1.0" encoding="UTF-8"?>
<!-- Generated by org.testng.reporters.JUnitReportReporter -->
<testsuite skipped="0" hostname="CVP0646-4ZP3VZ1" name="cvp.pts.pagetest.signUpTest" tests="1" failures="0" timestamp="17 Mar 2018 18:49:55 GMT" time="8.335" errors="0">
  <testcase name="test" time="8.335" classname="cvp.pts.pagetest.signUpTest"/>
</testsuite> <!-- cvp.pts.pagetest.signUpTest -->
