<?xml version="1.0" encoding="UTF-8"?>
<!-- Generated by org.testng.reporters.JUnitReportReporter -->
<testsuite skipped="0" hostname="CVP0646-4ZP3VZ1" name="cvp.pts.pagetest.SignUpPageTest" tests="1" failures="0" timestamp="17 Mar 2018 21:10:12 GMT" time="21.766" errors="0">
  <testcase name="test" time="21.766" classname="cvp.pts.pagetest.SignUpPageTest"/>
</testsuite> <!-- cvp.pts.pagetest.SignUpPageTest -->
